SF:lib/ummobile_sdk.dart
DA:29,1
DA:30,1
DA:54,1
DA:57,1
DA:58,1
DA:59,1
DA:61,1
DA:62,1
LF:8
LH:8
end_of_record
SF:lib/src/models/academic/archive.dart
DA:13,1
DA:29,1
LF:2
LH:2
end_of_record
SF:lib/src/models/academic/semester.dart
DA:13,1
DA:38,1
DA:68,1
DA:84,1
DA:99,1
LF:5
LH:5
end_of_record
SF:lib/src/models/auth/token.dart
DA:23,1
LF:1
LH:1
end_of_record
SF:lib/src/models/catalogue/country.dart
DA:10,1
LF:1
LH:1
end_of_record
SF:lib/src/models/catalogue/rule.dart
DA:19,1
LF:1
LH:1
end_of_record
SF:lib/src/models/financial/balance.dart
DA:33,1
LF:1
LH:1
end_of_record
SF:lib/src/models/financial/movement.dart
DA:15,1
DA:45,0
DA:48,3
DA:51,1
LF:4
LH:3
end_of_record
SF:lib/src/models/user/employee.dart
DA:15,0
DA:37,1
LF:2
LH:1
end_of_record
SF:lib/src/models/user/student.dart
DA:23,1
DA:47,0
DA:63,0
LF:3
LH:1
end_of_record
SF:lib/src/models/user/user.dart
DA:32,3
DA:35,3
DA:38,1
DA:68,1
LF:4
LH:4
end_of_record
SF:lib/src/models/notifications/notification.dart
DA:38,2
DA:43,2
DA:46,0
DA:49,4
DA:54,0
DA:55,0
DA:60,1
DA:61,3
DA:64,1
DA:91,0
DA:93,0
DA:94,0
DA:97,0
DA:104,1
DA:106,1
DA:107,2
DA:110,2
DA:117,1
DA:134,1
LF:19
LH:12
end_of_record
SF:lib/src/utils/utils.dart
DA:4,4
DA:8,1
DA:9,1
DA:10,1
DA:17,1
DA:18,1
DA:19,1
DA:26,1
DA:27,1
DA:28,1
DA:30,1
DA:40,1
DA:41,1
DA:42,1
LF:14
LH:14
end_of_record
SF:lib/src/types/contract_types.dart
DA:2,1
LF:1
LH:1
end_of_record
SF:lib/src/types/residence.dart
DA:2,1
LF:1
LH:1
end_of_record
SF:lib/src/types/role.dart
DA:2,1
LF:1
LH:1
end_of_record
SF:lib/src/types/languages.dart
DA:2,1
LF:1
LH:1
end_of_record
SF:lib/src/types/movement_types.dart
DA:2,1
DA:9,1
LF:2
LH:2
end_of_record
SF:lib/src/types/notification_events.dart
DA:1,1
LF:1
LH:1
end_of_record
SF:lib/src/ummobile_academic.dart
DA:21,1
DA:24,1
DA:25,1
DA:26,1
DA:27,1
DA:34,1
DA:35,2
DA:37,2
DA:38,3
DA:39,1
DA:40,1
DA:41,2
DA:42,3
DA:43,1
DA:44,1
DA:46,1
DA:48,1
DA:53,1
DA:54,2
DA:56,2
DA:57,1
DA:58,1
DA:59,2
DA:60,3
DA:61,1
DA:67,1
DA:68,2
DA:70,2
DA:75,1
DA:76,2
DA:78,2
DA:83,1
DA:84,2
DA:86,2
DA:90,2
DA:91,1
DA:92,1
DA:93,2
DA:94,2
DA:95,0
DA:96,1
DA:97,2
DA:98,3
DA:99,1
DA:100,2
DA:101,2
DA:102,0
DA:103,1
DA:104,1
DA:105,1
DA:106,2
DA:108,1
DA:109,2
DA:110,2
DA:111,2
DA:114,1
LF:56
LH:54
end_of_record
SF:lib/src/ummobile_auth.dart
DA:16,1
DA:17,2
DA:20,1
DA:24,2
DA:25,1
DA:29,2
DA:30,1
DA:31,1
DA:32,1
DA:33,1
DA:34,1
LF:11
LH:11
end_of_record
SF:lib/src/ummobile_catalogue.dart
DA:19,1
DA:22,1
DA:23,1
DA:24,1
DA:25,1
DA:32,1
DA:33,2
DA:35,2
DA:36,3
DA:37,2
DA:38,3
DA:39,1
DA:40,1
DA:41,2
DA:43,1
DA:48,1
DA:49,2
DA:51,2
DA:52,3
DA:53,1
DA:54,1
DA:56,1
LF:22
LH:22
end_of_record
SF:lib/src/ummobile_financial.dart
DA:18,1
DA:21,1
DA:22,1
DA:23,1
DA:24,1
DA:33,1
DA:36,2
DA:37,2
DA:38,2
DA:39,3
DA:40,1
DA:41,1
DA:42,2
DA:43,2
DA:44,0
DA:45,2
DA:46,2
DA:47,0
DA:48,1
DA:49,1
DA:50,3
DA:53,1
DA:59,1
DA:63,2
DA:64,1
DA:65,2
DA:69,1
DA:70,1
DA:71,1
DA:73,6
DA:74,1
DA:75,2
DA:76,3
DA:77,1
DA:82,1
DA:83,1
DA:84,1
DA:86,4
DA:87,2
DA:88,2
DA:89,0
DA:90,2
DA:91,1
DA:92,1
LF:44
LH:41
end_of_record
SF:lib/src/ummobile_notifications.dart
DA:28,1
DA:33,1
DA:34,1
DA:35,1
DA:36,1
DA:47,1
DA:51,2
DA:52,2
DA:53,3
DA:54,3
DA:55,1
DA:56,1
DA:65,1
DA:70,2
DA:72,2
DA:73,2
DA:74,1
DA:78,1
DA:79,1
DA:83,1
DA:84,1
DA:88,1
DA:94,1
DA:97,1
DA:103,1
DA:104,2
DA:112,1
DA:118,1
DA:119,3
DA:120,3
DA:123,1
DA:124,0
DA:128,2
DA:129,1
DA:131,2
DA:132,1
DA:136,1
DA:140,0
DA:141,1
DA:142,1
DA:143,2
DA:144,1
DA:145,1
DA:146,1
DA:147,3
DA:148,3
DA:150,1
DA:151,3
DA:152,3
DA:155,3
DA:156,3
LF:51
LH:49
end_of_record
SF:lib/src/ummobile_user.dart
DA:19,1
DA:22,1
DA:23,1
DA:24,1
DA:25,1
DA:36,1
DA:37,2
DA:38,1
DA:39,1
DA:40,1
DA:41,1
DA:42,1
DA:43,1
DA:44,1
DA:45,2
DA:46,3
DA:47,2
DA:48,2
DA:49,3
DA:51,1
DA:52,2
DA:55,1
DA:56,2
DA:57,2
DA:58,2
DA:59,2
DA:61,1
DA:62,2
DA:63,2
DA:64,2
DA:65,3
DA:66,3
DA:67,1
DA:68,0
DA:69,0
DA:70,0
DA:72,1
DA:82,1
DA:83,2
DA:85,2
LF:40
LH:37
end_of_record
